<?xml version="1.0"?>
<component name="org.nuxeo.ecm.csv.types.test">

  <!--<extension target="org.nuxeo.ecm.core.schema.TypeService"-->
    <!--point="doctype">-->
    <!--<doctype name="Domain" extends="Folder">-->
      <!--<schema name="domain"/>-->
      <!--<facet name="SuperSpace"/>-->
      <!--<facet name="UITypesLocalConfiguration"/>-->
      <!--<subtypes>-->
        <!--<type>WorkspaceRoot</type>-->
        <!--<type>SectionRoot</type>-->
        <!--<type>TemplateRoot</type>-->
      <!--</subtypes>-->
    <!--</doctype>-->

    <!--<doctype name="Workspace" extends="Folder">-->
      <!--<schema name="file"/>-->
      <!--<schema name="webcontainer"/>-->
      <!--<schema name="publishing"/>-->
      <!--<schema name="files" />-->
      <!--<facet name="SuperSpace"/>-->
      <!--<facet name="UITypesLocalConfiguration"/>-->
      <!--<subtypes>-->
        <!--<type>Workspace</type>-->
        <!--<type>Folder</type>-->
        <!--<type>File</type>-->
        <!--<type>Note</type>-->
      <!--</subtypes>-->
    <!--</doctype>-->
  <!--</extension>-->

  <extension target="org.nuxeo.ecm.platform.types.TypeService" point="types">
    <type id="Root">
      <label>Server Root</label>
      <subtypes>
        <type>Folder</type>
        <type>File</type>
        <type>Note</type>
      </subtypes>
    </type>
    <type id="Folder">
      <label>Folder</label>
      <subtypes>
        <type>Folder</type>
        <type>File</type>
        <type>Note</type>
      </subtypes>
    </type>
  </extension>

</component>
